2025-06-01 14:22:24,947 - MainThread - sqlmesh.core.config.connection - INFO - Creating new DuckDB adapter for data files: {'db.db'} (connection.py:423)
2025-06-01 14:22:25,925 - MainThread - sqlmesh.core.state_sync.db.migrator - INFO - Applying migration <module 'sqlmesh.migrations.v0001_init' from '/Users/janbenisek/github/gru-ops/projects/sqlmesh-analysis/.venv/lib/python3.12/site-packages/sqlmesh/migrations/v0001_init.py'> (migrator.py:177)
2025-06-01 14:22:25,961 - MainThread - sqlmesh.core.state_sync.db.migrator - INFO - Applying migration <module 'sqlmesh.migrations.v0002_remove_identify' from '/Users/janbenisek/github/gru-ops/projects/sqlmesh-analysis/.venv/lib/python3.12/site-packages/sqlmesh/migrations/v0002_remove_identify.py'> (migrator.py:177)
2025-06-01 14:22:25,961 - MainThread - sqlmesh.core.state_sync.db.migrator - INFO - Applying migration <module 'sqlmesh.migrations.v0003_move_batch_size' from '/Users/janbenisek/github/gru-ops/projects/sqlmesh-analysis/.venv/lib/python3.12/site-packages/sqlmesh/migrations/v0003_move_batch_size.py'> (migrator.py:177)
2025-06-01 14:22:25,966 - MainThread - sqlmesh.core.state_sync.db.migrator - INFO - Applying migration <module 'sqlmesh.migrations.v0004_environmnent_add_finalized_at' from '/Users/janbenisek/github/gru-ops/projects/sqlmesh-analysis/.venv/lib/python3.12/site-packages/sqlmesh/migrations/v0004_environmnent_add_finalized_at.py'> (migrator.py:177)
2025-06-01 14:22:25,971 - MainThread - sqlmesh.core.state_sync.db.migrator - INFO - Applying migration <module 'sqlmesh.migrations.v0005_create_seed_table' from '/Users/janbenisek/github/gru-ops/projects/sqlmesh-analysis/.venv/lib/python3.12/site-packages/sqlmesh/migrations/v0005_create_seed_table.py'> (migrator.py:177)
2025-06-01 14:22:25,980 - MainThread - sqlmesh.core.state_sync.db.migrator - INFO - Applying migration <module 'sqlmesh.migrations.v0006_change_seed_hash' from '/Users/janbenisek/github/gru-ops/projects/sqlmesh-analysis/.venv/lib/python3.12/site-packages/sqlmesh/migrations/v0006_change_seed_hash.py'> (migrator.py:177)
2025-06-01 14:22:25,980 - MainThread - sqlmesh.core.state_sync.db.migrator - INFO - Applying migration <module 'sqlmesh.migrations.v0007_env_table_info_to_kind' from '/Users/janbenisek/github/gru-ops/projects/sqlmesh-analysis/.venv/lib/python3.12/site-packages/sqlmesh/migrations/v0007_env_table_info_to_kind.py'> (migrator.py:177)
2025-06-01 14:22:25,990 - MainThread - sqlmesh.core.state_sync.db.migrator - INFO - Applying migration <module 'sqlmesh.migrations.v0008_create_intervals_table' from '/Users/janbenisek/github/gru-ops/projects/sqlmesh-analysis/.venv/lib/python3.12/site-packages/sqlmesh/migrations/v0008_create_intervals_table.py'> (migrator.py:177)
2025-06-01 14:22:26,011 - MainThread - sqlmesh.core.state_sync.db.migrator - INFO - Applying migration <module 'sqlmesh.migrations.v0009_remove_pre_post_hooks' from '/Users/janbenisek/github/gru-ops/projects/sqlmesh-analysis/.venv/lib/python3.12/site-packages/sqlmesh/migrations/v0009_remove_pre_post_hooks.py'> (migrator.py:177)
2025-06-01 14:22:26,016 - MainThread - sqlmesh.core.state_sync.db.migrator - INFO - Applying migration <module 'sqlmesh.migrations.v0010_seed_hash_batch_size' from '/Users/janbenisek/github/gru-ops/projects/sqlmesh-analysis/.venv/lib/python3.12/site-packages/sqlmesh/migrations/v0010_seed_hash_batch_size.py'> (migrator.py:177)
2025-06-01 14:22:26,016 - MainThread - sqlmesh.core.state_sync.db.migrator - INFO - Applying migration <module 'sqlmesh.migrations.v0011_add_model_kind_name' from '/Users/janbenisek/github/gru-ops/projects/sqlmesh-analysis/.venv/lib/python3.12/site-packages/sqlmesh/migrations/v0011_add_model_kind_name.py'> (migrator.py:177)
2025-06-01 14:22:26,026 - MainThread - sqlmesh.core.state_sync.db.migrator - INFO - Applying migration <module 'sqlmesh.migrations.v0012_update_jinja_expressions' from '/Users/janbenisek/github/gru-ops/projects/sqlmesh-analysis/.venv/lib/python3.12/site-packages/sqlmesh/migrations/v0012_update_jinja_expressions.py'> (migrator.py:177)
2025-06-01 14:22:26,032 - MainThread - sqlmesh.core.state_sync.db.migrator - INFO - Applying migration <module 'sqlmesh.migrations.v0013_serde_using_model_dialects' from '/Users/janbenisek/github/gru-ops/projects/sqlmesh-analysis/.venv/lib/python3.12/site-packages/sqlmesh/migrations/v0013_serde_using_model_dialects.py'> (migrator.py:177)
2025-06-01 14:22:26,037 - MainThread - sqlmesh.core.state_sync.db.migrator - INFO - Applying migration <module 'sqlmesh.migrations.v0014_fix_dev_intervals' from '/Users/janbenisek/github/gru-ops/projects/sqlmesh-analysis/.venv/lib/python3.12/site-packages/sqlmesh/migrations/v0014_fix_dev_intervals.py'> (migrator.py:177)
2025-06-01 14:22:26,042 - MainThread - sqlmesh.core.state_sync.db.migrator - INFO - Applying migration <module 'sqlmesh.migrations.v0015_environment_add_promoted_snapshot_ids' from '/Users/janbenisek/github/gru-ops/projects/sqlmesh-analysis/.venv/lib/python3.12/site-packages/sqlmesh/migrations/v0015_environment_add_promoted_snapshot_ids.py'> (migrator.py:177)
2025-06-01 14:22:26,046 - MainThread - sqlmesh.core.state_sync.db.migrator - INFO - Applying migration <module 'sqlmesh.migrations.v0016_fix_windows_path' from '/Users/janbenisek/github/gru-ops/projects/sqlmesh-analysis/.venv/lib/python3.12/site-packages/sqlmesh/migrations/v0016_fix_windows_path.py'> (migrator.py:177)
2025-06-01 14:22:26,051 - MainThread - sqlmesh.core.state_sync.db.migrator - INFO - Applying migration <module 'sqlmesh.migrations.v0017_fix_windows_seed_path' from '/Users/janbenisek/github/gru-ops/projects/sqlmesh-analysis/.venv/lib/python3.12/site-packages/sqlmesh/migrations/v0017_fix_windows_seed_path.py'> (migrator.py:177)
2025-06-01 14:22:26,056 - MainThread - sqlmesh.core.state_sync.db.migrator - INFO - Applying migration <module 'sqlmesh.migrations.v0018_rename_snapshot_model_to_node' from '/Users/janbenisek/github/gru-ops/projects/sqlmesh-analysis/.venv/lib/python3.12/site-packages/sqlmesh/migrations/v0018_rename_snapshot_model_to_node.py'> (migrator.py:177)
2025-06-01 14:22:26,061 - MainThread - sqlmesh.core.state_sync.db.migrator - INFO - Applying migration <module 'sqlmesh.migrations.v0019_add_env_suffix_target' from '/Users/janbenisek/github/gru-ops/projects/sqlmesh-analysis/.venv/lib/python3.12/site-packages/sqlmesh/migrations/v0019_add_env_suffix_target.py'> (migrator.py:177)
2025-06-01 14:22:26,070 - MainThread - sqlmesh.core.state_sync.db.migrator - INFO - Applying migration <module 'sqlmesh.migrations.v0020_remove_redundant_attributes_from_dbt_models' from '/Users/janbenisek/github/gru-ops/projects/sqlmesh-analysis/.venv/lib/python3.12/site-packages/sqlmesh/migrations/v0020_remove_redundant_attributes_from_dbt_models.py'> (migrator.py:177)
2025-06-01 14:22:26,074 - MainThread - sqlmesh.core.state_sync.db.migrator - INFO - Applying migration <module 'sqlmesh.migrations.v0021_fix_table_properties' from '/Users/janbenisek/github/gru-ops/projects/sqlmesh-analysis/.venv/lib/python3.12/site-packages/sqlmesh/migrations/v0021_fix_table_properties.py'> (migrator.py:177)
2025-06-01 14:22:26,079 - MainThread - sqlmesh.core.state_sync.db.migrator - INFO - Applying migration <module 'sqlmesh.migrations.v0022_move_project_to_model' from '/Users/janbenisek/github/gru-ops/projects/sqlmesh-analysis/.venv/lib/python3.12/site-packages/sqlmesh/migrations/v0022_move_project_to_model.py'> (migrator.py:177)
2025-06-01 14:22:26,089 - MainThread - sqlmesh.core.state_sync.db.migrator - INFO - Applying migration <module 'sqlmesh.migrations.v0023_fix_added_models_with_forward_only_parents' from '/Users/janbenisek/github/gru-ops/projects/sqlmesh-analysis/.venv/lib/python3.12/site-packages/sqlmesh/migrations/v0023_fix_added_models_with_forward_only_parents.py'> (migrator.py:177)
2025-06-01 14:22:26,093 - MainThread - sqlmesh.core.state_sync.db.migrator - INFO - Applying migration <module 'sqlmesh.migrations.v0024_replace_model_kind_name_enum_with_value' from '/Users/janbenisek/github/gru-ops/projects/sqlmesh-analysis/.venv/lib/python3.12/site-packages/sqlmesh/migrations/v0024_replace_model_kind_name_enum_with_value.py'> (migrator.py:177)
2025-06-01 14:22:26,098 - MainThread - sqlmesh.core.state_sync.db.migrator - INFO - Applying migration <module 'sqlmesh.migrations.v0025_fix_intervals_and_missing_change_category' from '/Users/janbenisek/github/gru-ops/projects/sqlmesh-analysis/.venv/lib/python3.12/site-packages/sqlmesh/migrations/v0025_fix_intervals_and_missing_change_category.py'> (migrator.py:177)
2025-06-01 14:22:26,102 - MainThread - sqlmesh.core.state_sync.db.migrator - INFO - Applying migration <module 'sqlmesh.migrations.v0026_remove_dialect_from_seed' from '/Users/janbenisek/github/gru-ops/projects/sqlmesh-analysis/.venv/lib/python3.12/site-packages/sqlmesh/migrations/v0026_remove_dialect_from_seed.py'> (migrator.py:177)
2025-06-01 14:22:26,107 - MainThread - sqlmesh.core.state_sync.db.migrator - INFO - Applying migration <module 'sqlmesh.migrations.v0027_minute_interval_to_five' from '/Users/janbenisek/github/gru-ops/projects/sqlmesh-analysis/.venv/lib/python3.12/site-packages/sqlmesh/migrations/v0027_minute_interval_to_five.py'> (migrator.py:177)
2025-06-01 14:22:26,112 - MainThread - sqlmesh.core.state_sync.db.migrator - INFO - Applying migration <module 'sqlmesh.migrations.v0028_add_plan_dags_table' from '/Users/janbenisek/github/gru-ops/projects/sqlmesh-analysis/.venv/lib/python3.12/site-packages/sqlmesh/migrations/v0028_add_plan_dags_table.py'> (migrator.py:177)
2025-06-01 14:22:26,128 - MainThread - sqlmesh.core.state_sync.db.migrator - INFO - Applying migration <module 'sqlmesh.migrations.v0029_generate_schema_types_using_dialect' from '/Users/janbenisek/github/gru-ops/projects/sqlmesh-analysis/.venv/lib/python3.12/site-packages/sqlmesh/migrations/v0029_generate_schema_types_using_dialect.py'> (migrator.py:177)
2025-06-01 14:22:26,134 - MainThread - sqlmesh.core.state_sync.db.migrator - INFO - Applying migration <module 'sqlmesh.migrations.v0030_update_unrestorable_snapshots' from '/Users/janbenisek/github/gru-ops/projects/sqlmesh-analysis/.venv/lib/python3.12/site-packages/sqlmesh/migrations/v0030_update_unrestorable_snapshots.py'> (migrator.py:177)
2025-06-01 14:22:26,139 - MainThread - sqlmesh.core.state_sync.db.migrator - INFO - Applying migration <module 'sqlmesh.migrations.v0031_remove_dbt_target_fields' from '/Users/janbenisek/github/gru-ops/projects/sqlmesh-analysis/.venv/lib/python3.12/site-packages/sqlmesh/migrations/v0031_remove_dbt_target_fields.py'> (migrator.py:177)
2025-06-01 14:22:26,144 - MainThread - sqlmesh.core.state_sync.db.migrator - INFO - Applying migration <module 'sqlmesh.migrations.v0032_add_sqlmesh_version' from '/Users/janbenisek/github/gru-ops/projects/sqlmesh-analysis/.venv/lib/python3.12/site-packages/sqlmesh/migrations/v0032_add_sqlmesh_version.py'> (migrator.py:177)
2025-06-01 14:22:26,148 - MainThread - sqlmesh.core.state_sync.db.migrator - INFO - Applying migration <module 'sqlmesh.migrations.v0033_mysql_fix_blob_text_type' from '/Users/janbenisek/github/gru-ops/projects/sqlmesh-analysis/.venv/lib/python3.12/site-packages/sqlmesh/migrations/v0033_mysql_fix_blob_text_type.py'> (migrator.py:177)
2025-06-01 14:22:26,148 - MainThread - sqlmesh.core.state_sync.db.migrator - INFO - Applying migration <module 'sqlmesh.migrations.v0034_add_default_catalog' from '/Users/janbenisek/github/gru-ops/projects/sqlmesh-analysis/.venv/lib/python3.12/site-packages/sqlmesh/migrations/v0034_add_default_catalog.py'> (migrator.py:177)
2025-06-01 14:22:26,171 - MainThread - sqlmesh.core.state_sync.db.migrator - INFO - Applying migration <module 'sqlmesh.migrations.v0035_add_catalog_name_override' from '/Users/janbenisek/github/gru-ops/projects/sqlmesh-analysis/.venv/lib/python3.12/site-packages/sqlmesh/migrations/v0035_add_catalog_name_override.py'> (migrator.py:177)
2025-06-01 14:22:26,176 - MainThread - sqlmesh.core.state_sync.db.migrator - INFO - Applying migration <module 'sqlmesh.migrations.v0036_delete_plan_dags_bug_fix' from '/Users/janbenisek/github/gru-ops/projects/sqlmesh-analysis/.venv/lib/python3.12/site-packages/sqlmesh/migrations/v0036_delete_plan_dags_bug_fix.py'> (migrator.py:177)
2025-06-01 14:22:26,180 - MainThread - sqlmesh.core.state_sync.db.migrator - INFO - Applying migration <module 'sqlmesh.migrations.v0037_remove_dbt_is_incremental_macro' from '/Users/janbenisek/github/gru-ops/projects/sqlmesh-analysis/.venv/lib/python3.12/site-packages/sqlmesh/migrations/v0037_remove_dbt_is_incremental_macro.py'> (migrator.py:177)
2025-06-01 14:22:26,186 - MainThread - sqlmesh.core.state_sync.db.migrator - INFO - Applying migration <module 'sqlmesh.migrations.v0038_add_expiration_ts_to_snapshot' from '/Users/janbenisek/github/gru-ops/projects/sqlmesh-analysis/.venv/lib/python3.12/site-packages/sqlmesh/migrations/v0038_add_expiration_ts_to_snapshot.py'> (migrator.py:177)
2025-06-01 14:22:26,196 - MainThread - sqlmesh.core.state_sync.db.migrator - INFO - Applying migration <module 'sqlmesh.migrations.v0039_include_environment_in_plan_dag_spec' from '/Users/janbenisek/github/gru-ops/projects/sqlmesh-analysis/.venv/lib/python3.12/site-packages/sqlmesh/migrations/v0039_include_environment_in_plan_dag_spec.py'> (migrator.py:177)
2025-06-01 14:22:26,200 - MainThread - sqlmesh.core.state_sync.db.migrator - INFO - Applying migration <module 'sqlmesh.migrations.v0040_add_previous_finalized_snapshots' from '/Users/janbenisek/github/gru-ops/projects/sqlmesh-analysis/.venv/lib/python3.12/site-packages/sqlmesh/migrations/v0040_add_previous_finalized_snapshots.py'> (migrator.py:177)
2025-06-01 14:22:26,204 - MainThread - sqlmesh.core.state_sync.db.migrator - INFO - Applying migration <module 'sqlmesh.migrations.v0041_remove_hash_raw_query_attribute' from '/Users/janbenisek/github/gru-ops/projects/sqlmesh-analysis/.venv/lib/python3.12/site-packages/sqlmesh/migrations/v0041_remove_hash_raw_query_attribute.py'> (migrator.py:177)
2025-06-01 14:22:26,211 - MainThread - sqlmesh.core.state_sync.db.migrator - INFO - Applying migration <module 'sqlmesh.migrations.v0042_trim_indirect_versions' from '/Users/janbenisek/github/gru-ops/projects/sqlmesh-analysis/.venv/lib/python3.12/site-packages/sqlmesh/migrations/v0042_trim_indirect_versions.py'> (migrator.py:177)
2025-06-01 14:22:26,215 - MainThread - sqlmesh.core.state_sync.db.migrator - INFO - Applying migration <module 'sqlmesh.migrations.v0043_fix_remove_obsolete_attributes_in_plan_dags' from '/Users/janbenisek/github/gru-ops/projects/sqlmesh-analysis/.venv/lib/python3.12/site-packages/sqlmesh/migrations/v0043_fix_remove_obsolete_attributes_in_plan_dags.py'> (migrator.py:177)
2025-06-01 14:22:26,220 - MainThread - sqlmesh.core.state_sync.db.migrator - INFO - Applying migration <module 'sqlmesh.migrations.v0044_quote_identifiers_in_model_attributes' from '/Users/janbenisek/github/gru-ops/projects/sqlmesh-analysis/.venv/lib/python3.12/site-packages/sqlmesh/migrations/v0044_quote_identifiers_in_model_attributes.py'> (migrator.py:177)
2025-06-01 14:22:26,220 - MainThread - sqlmesh.core.state_sync.db.migrator - INFO - Applying migration <module 'sqlmesh.migrations.v0045_move_gateway_variable' from '/Users/janbenisek/github/gru-ops/projects/sqlmesh-analysis/.venv/lib/python3.12/site-packages/sqlmesh/migrations/v0045_move_gateway_variable.py'> (migrator.py:177)
2025-06-01 14:22:26,225 - MainThread - sqlmesh.core.state_sync.db.migrator - INFO - Applying migration <module 'sqlmesh.migrations.v0046_add_batch_concurrency' from '/Users/janbenisek/github/gru-ops/projects/sqlmesh-analysis/.venv/lib/python3.12/site-packages/sqlmesh/migrations/v0046_add_batch_concurrency.py'> (migrator.py:177)
2025-06-01 14:22:26,225 - MainThread - sqlmesh.core.state_sync.db.migrator - INFO - Applying migration <module 'sqlmesh.migrations.v0047_change_scd_string_to_column' from '/Users/janbenisek/github/gru-ops/projects/sqlmesh-analysis/.venv/lib/python3.12/site-packages/sqlmesh/migrations/v0047_change_scd_string_to_column.py'> (migrator.py:177)
2025-06-01 14:22:26,226 - MainThread - sqlmesh.core.state_sync.db.migrator - INFO - Applying migration <module 'sqlmesh.migrations.v0048_drop_indirect_versions' from '/Users/janbenisek/github/gru-ops/projects/sqlmesh-analysis/.venv/lib/python3.12/site-packages/sqlmesh/migrations/v0048_drop_indirect_versions.py'> (migrator.py:177)
2025-06-01 14:22:26,231 - MainThread - sqlmesh.core.state_sync.db.migrator - INFO - Applying migration <module 'sqlmesh.migrations.v0049_replace_identifier_with_version_in_seeds_table' from '/Users/janbenisek/github/gru-ops/projects/sqlmesh-analysis/.venv/lib/python3.12/site-packages/sqlmesh/migrations/v0049_replace_identifier_with_version_in_seeds_table.py'> (migrator.py:177)
2025-06-01 14:22:26,270 - MainThread - sqlmesh.core.state_sync.db.migrator - INFO - Applying migration <module 'sqlmesh.migrations.v0050_drop_seeds_table' from '/Users/janbenisek/github/gru-ops/projects/sqlmesh-analysis/.venv/lib/python3.12/site-packages/sqlmesh/migrations/v0050_drop_seeds_table.py'> (migrator.py:177)
2025-06-01 14:22:26,273 - MainThread - sqlmesh.core.state_sync.db.migrator - INFO - Applying migration <module 'sqlmesh.migrations.v0051_rename_column_descriptions' from '/Users/janbenisek/github/gru-ops/projects/sqlmesh-analysis/.venv/lib/python3.12/site-packages/sqlmesh/migrations/v0051_rename_column_descriptions.py'> (migrator.py:177)
2025-06-01 14:22:26,277 - MainThread - sqlmesh.core.state_sync.db.migrator - INFO - Applying migration <module 'sqlmesh.migrations.v0052_add_normalize_name_in_environment_naming_info' from '/Users/janbenisek/github/gru-ops/projects/sqlmesh-analysis/.venv/lib/python3.12/site-packages/sqlmesh/migrations/v0052_add_normalize_name_in_environment_naming_info.py'> (migrator.py:177)
2025-06-01 14:22:26,283 - MainThread - sqlmesh.core.state_sync.db.migrator - INFO - Applying migration <module 'sqlmesh.migrations.v0053_custom_model_kind_extra_attributes' from '/Users/janbenisek/github/gru-ops/projects/sqlmesh-analysis/.venv/lib/python3.12/site-packages/sqlmesh/migrations/v0053_custom_model_kind_extra_attributes.py'> (migrator.py:177)
2025-06-01 14:22:26,283 - MainThread - sqlmesh.core.state_sync.db.migrator - INFO - Applying migration <module 'sqlmesh.migrations.v0054_fix_trailing_comments' from '/Users/janbenisek/github/gru-ops/projects/sqlmesh-analysis/.venv/lib/python3.12/site-packages/sqlmesh/migrations/v0054_fix_trailing_comments.py'> (migrator.py:177)
2025-06-01 14:22:26,283 - MainThread - sqlmesh.core.state_sync.db.migrator - INFO - Applying migration <module 'sqlmesh.migrations.v0055_add_updated_ts_unpaused_ts_ttl_ms_unrestorable_to_snapshot' from '/Users/janbenisek/github/gru-ops/projects/sqlmesh-analysis/.venv/lib/python3.12/site-packages/sqlmesh/migrations/v0055_add_updated_ts_unpaused_ts_ttl_ms_unrestorable_to_snapshot.py'> (migrator.py:177)
2025-06-01 14:22:26,300 - MainThread - sqlmesh.core.state_sync.db.migrator - INFO - Applying migration <module 'sqlmesh.migrations.v0056_restore_table_indexes' from '/Users/janbenisek/github/gru-ops/projects/sqlmesh-analysis/.venv/lib/python3.12/site-packages/sqlmesh/migrations/v0056_restore_table_indexes.py'> (migrator.py:177)
2025-06-01 14:22:26,387 - MainThread - sqlmesh.core.state_sync.db.migrator - INFO - Applying migration <module 'sqlmesh.migrations.v0057_add_table_format' from '/Users/janbenisek/github/gru-ops/projects/sqlmesh-analysis/.venv/lib/python3.12/site-packages/sqlmesh/migrations/v0057_add_table_format.py'> (migrator.py:177)
2025-06-01 14:22:26,388 - MainThread - sqlmesh.core.state_sync.db.migrator - INFO - Applying migration <module 'sqlmesh.migrations.v0058_add_requirements' from '/Users/janbenisek/github/gru-ops/projects/sqlmesh-analysis/.venv/lib/python3.12/site-packages/sqlmesh/migrations/v0058_add_requirements.py'> (migrator.py:177)
2025-06-01 14:22:26,391 - MainThread - sqlmesh.core.state_sync.db.migrator - INFO - Applying migration <module 'sqlmesh.migrations.v0059_add_physical_version' from '/Users/janbenisek/github/gru-ops/projects/sqlmesh-analysis/.venv/lib/python3.12/site-packages/sqlmesh/migrations/v0059_add_physical_version.py'> (migrator.py:177)
2025-06-01 14:22:26,391 - MainThread - sqlmesh.core.state_sync.db.migrator - INFO - Applying migration <module 'sqlmesh.migrations.v0060_move_audits_to_model' from '/Users/janbenisek/github/gru-ops/projects/sqlmesh-analysis/.venv/lib/python3.12/site-packages/sqlmesh/migrations/v0060_move_audits_to_model.py'> (migrator.py:177)
2025-06-01 14:22:26,396 - MainThread - sqlmesh.core.state_sync.db.migrator - INFO - Applying migration <module 'sqlmesh.migrations.v0061_mysql_fix_blob_text_type' from '/Users/janbenisek/github/gru-ops/projects/sqlmesh-analysis/.venv/lib/python3.12/site-packages/sqlmesh/migrations/v0061_mysql_fix_blob_text_type.py'> (migrator.py:177)
2025-06-01 14:22:26,397 - MainThread - sqlmesh.core.state_sync.db.migrator - INFO - Applying migration <module 'sqlmesh.migrations.v0062_add_model_gateway' from '/Users/janbenisek/github/gru-ops/projects/sqlmesh-analysis/.venv/lib/python3.12/site-packages/sqlmesh/migrations/v0062_add_model_gateway.py'> (migrator.py:177)
2025-06-01 14:22:26,397 - MainThread - sqlmesh.core.state_sync.db.migrator - INFO - Applying migration <module 'sqlmesh.migrations.v0063_change_signals' from '/Users/janbenisek/github/gru-ops/projects/sqlmesh-analysis/.venv/lib/python3.12/site-packages/sqlmesh/migrations/v0063_change_signals.py'> (migrator.py:177)
2025-06-01 14:22:26,402 - MainThread - sqlmesh.core.state_sync.db.migrator - INFO - Applying migration <module 'sqlmesh.migrations.v0064_join_when_matched_strings' from '/Users/janbenisek/github/gru-ops/projects/sqlmesh-analysis/.venv/lib/python3.12/site-packages/sqlmesh/migrations/v0064_join_when_matched_strings.py'> (migrator.py:177)
2025-06-01 14:22:26,407 - MainThread - sqlmesh.core.state_sync.db.migrator - INFO - Applying migration <module 'sqlmesh.migrations.v0065_add_model_optimize' from '/Users/janbenisek/github/gru-ops/projects/sqlmesh-analysis/.venv/lib/python3.12/site-packages/sqlmesh/migrations/v0065_add_model_optimize.py'> (migrator.py:177)
2025-06-01 14:22:26,407 - MainThread - sqlmesh.core.state_sync.db.migrator - INFO - Applying migration <module 'sqlmesh.migrations.v0066_add_auto_restatements' from '/Users/janbenisek/github/gru-ops/projects/sqlmesh-analysis/.venv/lib/python3.12/site-packages/sqlmesh/migrations/v0066_add_auto_restatements.py'> (migrator.py:177)
2025-06-01 14:22:26,421 - MainThread - sqlmesh.core.state_sync.db.migrator - INFO - Applying migration <module 'sqlmesh.migrations.v0067_add_tsql_date_full_precision' from '/Users/janbenisek/github/gru-ops/projects/sqlmesh-analysis/.venv/lib/python3.12/site-packages/sqlmesh/migrations/v0067_add_tsql_date_full_precision.py'> (migrator.py:177)
2025-06-01 14:22:26,421 - MainThread - sqlmesh.core.state_sync.db.migrator - INFO - Applying migration <module 'sqlmesh.migrations.v0068_include_unrendered_query_in_metadata_hash' from '/Users/janbenisek/github/gru-ops/projects/sqlmesh-analysis/.venv/lib/python3.12/site-packages/sqlmesh/migrations/v0068_include_unrendered_query_in_metadata_hash.py'> (migrator.py:177)
2025-06-01 14:22:26,421 - MainThread - sqlmesh.core.state_sync.db.migrator - INFO - Applying migration <module 'sqlmesh.migrations.v0069_update_dev_table_suffix' from '/Users/janbenisek/github/gru-ops/projects/sqlmesh-analysis/.venv/lib/python3.12/site-packages/sqlmesh/migrations/v0069_update_dev_table_suffix.py'> (migrator.py:177)
2025-06-01 14:22:26,436 - MainThread - sqlmesh.core.state_sync.db.migrator - INFO - Applying migration <module 'sqlmesh.migrations.v0070_include_grains_in_metadata_hash' from '/Users/janbenisek/github/gru-ops/projects/sqlmesh-analysis/.venv/lib/python3.12/site-packages/sqlmesh/migrations/v0070_include_grains_in_metadata_hash.py'> (migrator.py:177)
2025-06-01 14:22:26,436 - MainThread - sqlmesh.core.state_sync.db.migrator - INFO - Applying migration <module 'sqlmesh.migrations.v0071_add_dev_version_to_intervals' from '/Users/janbenisek/github/gru-ops/projects/sqlmesh-analysis/.venv/lib/python3.12/site-packages/sqlmesh/migrations/v0071_add_dev_version_to_intervals.py'> (migrator.py:177)
2025-06-01 14:22:26,454 - MainThread - sqlmesh.core.state_sync.db.migrator - INFO - Applying migration <module 'sqlmesh.migrations.v0072_add_environment_statements' from '/Users/janbenisek/github/gru-ops/projects/sqlmesh-analysis/.venv/lib/python3.12/site-packages/sqlmesh/migrations/v0072_add_environment_statements.py'> (migrator.py:177)
2025-06-01 14:22:26,461 - MainThread - sqlmesh.core.state_sync.db.migrator - INFO - Applying migration <module 'sqlmesh.migrations.v0073_remove_symbolic_disable_restatement' from '/Users/janbenisek/github/gru-ops/projects/sqlmesh-analysis/.venv/lib/python3.12/site-packages/sqlmesh/migrations/v0073_remove_symbolic_disable_restatement.py'> (migrator.py:177)
2025-06-01 14:22:26,468 - MainThread - sqlmesh.core.state_sync.db.migrator - INFO - Applying migration <module 'sqlmesh.migrations.v0074_add_partition_by_time_column_property' from '/Users/janbenisek/github/gru-ops/projects/sqlmesh-analysis/.venv/lib/python3.12/site-packages/sqlmesh/migrations/v0074_add_partition_by_time_column_property.py'> (migrator.py:177)
2025-06-01 14:22:26,468 - MainThread - sqlmesh.core.state_sync.db.migrator - INFO - Applying migration <module 'sqlmesh.migrations.v0075_remove_validate_query' from '/Users/janbenisek/github/gru-ops/projects/sqlmesh-analysis/.venv/lib/python3.12/site-packages/sqlmesh/migrations/v0075_remove_validate_query.py'> (migrator.py:177)
2025-06-01 14:22:26,473 - MainThread - sqlmesh.core.state_sync.db.migrator - INFO - Applying migration <module 'sqlmesh.migrations.v0076_add_cron_tz' from '/Users/janbenisek/github/gru-ops/projects/sqlmesh-analysis/.venv/lib/python3.12/site-packages/sqlmesh/migrations/v0076_add_cron_tz.py'> (migrator.py:177)
2025-06-01 14:22:26,474 - MainThread - sqlmesh.core.state_sync.db.migrator - INFO - Applying migration <module 'sqlmesh.migrations.v0077_fix_column_type_hash_calculation' from '/Users/janbenisek/github/gru-ops/projects/sqlmesh-analysis/.venv/lib/python3.12/site-packages/sqlmesh/migrations/v0077_fix_column_type_hash_calculation.py'> (migrator.py:177)
2025-06-01 14:22:26,474 - MainThread - sqlmesh.core.state_sync.db.migrator - INFO - Applying migration <module 'sqlmesh.migrations.v0078_warn_if_non_migratable_python_env' from '/Users/janbenisek/github/gru-ops/projects/sqlmesh-analysis/.venv/lib/python3.12/site-packages/sqlmesh/migrations/v0078_warn_if_non_migratable_python_env.py'> (migrator.py:177)
2025-06-01 14:22:26,477 - MainThread - sqlmesh.core.state_sync.db.migrator - INFO - Applying migration <module 'sqlmesh.migrations.v0079_add_gateway_managed_property' from '/Users/janbenisek/github/gru-ops/projects/sqlmesh-analysis/.venv/lib/python3.12/site-packages/sqlmesh/migrations/v0079_add_gateway_managed_property.py'> (migrator.py:177)
2025-06-01 14:22:26,484 - MainThread - sqlmesh.core.state_sync.db.migrator - INFO - Applying migration <module 'sqlmesh.migrations.v0080_add_batch_size_to_scd_type_2_models' from '/Users/janbenisek/github/gru-ops/projects/sqlmesh-analysis/.venv/lib/python3.12/site-packages/sqlmesh/migrations/v0080_add_batch_size_to_scd_type_2_models.py'> (migrator.py:177)
2025-06-01 14:22:26,485 - MainThread - sqlmesh.core.state_sync.db.migrator - INFO - Applying migration <module 'sqlmesh.migrations.v0081_update_partitioned_by' from '/Users/janbenisek/github/gru-ops/projects/sqlmesh-analysis/.venv/lib/python3.12/site-packages/sqlmesh/migrations/v0081_update_partitioned_by.py'> (migrator.py:177)
2025-06-01 14:22:26,489 - MainThread - sqlmesh.core.state_sync.db.migrator - INFO - Applying migration <module 'sqlmesh.migrations.v0082_warn_if_incorrectly_duplicated_statements' from '/Users/janbenisek/github/gru-ops/projects/sqlmesh-analysis/.venv/lib/python3.12/site-packages/sqlmesh/migrations/v0082_warn_if_incorrectly_duplicated_statements.py'> (migrator.py:177)
2025-06-01 14:22:26,493 - MainThread - sqlmesh.core.state_sync.db.migrator - INFO - Applying migration <module 'sqlmesh.migrations.v0083_use_sql_for_scd_time_data_type_data_hash' from '/Users/janbenisek/github/gru-ops/projects/sqlmesh-analysis/.venv/lib/python3.12/site-packages/sqlmesh/migrations/v0083_use_sql_for_scd_time_data_type_data_hash.py'> (migrator.py:177)
2025-06-01 14:22:26,497 - MainThread - sqlmesh.core.state_sync.db.migrator - INFO - Fetching environments (migrator.py:196)
2025-06-01 14:22:26,500 - MainThread - sqlmesh.core.state_sync.db.migrator - INFO - Migrating snapshot rows... (migrator.py:213)
2025-06-01 14:22:26,506 - MainThread - sqlmesh.core.state_sync.db.migrator - INFO - No changes to snapshots detected (migrator.py:206)
2025-06-01 14:22:33,275 - ThreadPoolExecutor-1_0 - sqlmesh.core.snapshot.evaluator - INFO - Listing data objects in schema prod.sqlmesh__migros (evaluator.py:349)
2025-06-01 14:22:33,310 - ThreadPoolExecutor-1_0 - sqlmesh.core.engine_adapter.base - INFO - Executing SQL: SELECT current_catalog (base.py:2171)
2025-06-01 14:22:33,362 - MainThread - sqlmesh.core.snapshot.evaluator - INFO - Creating schema 'prod.sqlmesh__migros' (evaluator.py:1125)
2025-06-01 14:22:33,388 - MainThread - sqlmesh.core.engine_adapter.base - INFO - Executing SQL: CREATE SCHEMA IF NOT EXISTS "sqlmesh__migros" (base.py:2171)
2025-06-01 14:22:33,423 - ThreadPoolExecutor-2_0 - sqlmesh.core.snapshot.evaluator - INFO - Creating table 'prod.sqlmesh__migros.migros__raw_kassenbons__1511132484' (evaluator.py:1477)
2025-06-01 14:22:33,424 - ThreadPoolExecutor-2_0 - sqlmesh.core.engine_adapter.base - INFO - Executing SQL: CREATE TABLE IF NOT EXISTS "sqlmesh__migros"."migros__raw_kassenbons__1511132484" AS SELECT * FROM READ_CSV('/Users/janbenisek/Downloads/20230101_20231231.csv') AS "_q_0" WHERE FALSE UNION ALL SELECT * FROM READ_CSV('/Users/janbenisek/Downloads/20240101_20241231.csv') AS "_q_1" WHERE FALSE UNION ALL SELECT * FROM READ_CSV('/Users/janbenisek/Downloads/20250101_20251231.csv') AS "_q_2" WHERE FALSE LIMIT 0 (base.py:2171)
2025-06-01 14:22:33,434 - MainThread - sqlmesh.core.plan.evaluator - INFO - Execution failed for node SnapshotId<"prod"."migros"."raw_kassenbons": 308550841> (evaluator.py:323)
Traceback (most recent call last):
  File "/Users/janbenisek/github/gru-ops/projects/sqlmesh-analysis/.venv/lib/python3.12/site-packages/sqlmesh/utils/concurrency.py", line 69, in _process_node
    self.fn(node)
  File "/Users/janbenisek/github/gru-ops/projects/sqlmesh-analysis/.venv/lib/python3.12/site-packages/sqlmesh/utils/concurrency.py", line 172, in <lambda>
    lambda s_id: fn(snapshots_by_id[s_id]),
                 ^^^^^^^^^^^^^^^^^^^^^^^^^
  File "/Users/janbenisek/github/gru-ops/projects/sqlmesh-analysis/.venv/lib/python3.12/site-packages/sqlmesh/core/snapshot/evaluator.py", line 413, in <lambda>
    lambda s: self._create_snapshot(
              ^^^^^^^^^^^^^^^^^^^^^^
  File "/Users/janbenisek/github/gru-ops/projects/sqlmesh-analysis/.venv/lib/python3.12/site-packages/sqlmesh/core/snapshot/evaluator.py", line 881, in _create_snapshot
    self._execute_create(
  File "/Users/janbenisek/github/gru-ops/projects/sqlmesh-analysis/.venv/lib/python3.12/site-packages/sqlmesh/core/snapshot/evaluator.py", line 1159, in _execute_create
    evaluation_strategy.create(
  File "/Users/janbenisek/github/gru-ops/projects/sqlmesh-analysis/.venv/lib/python3.12/site-packages/sqlmesh/core/snapshot/evaluator.py", line 1502, in create
    self.adapter.ctas(
  File "/Users/janbenisek/github/gru-ops/projects/sqlmesh-analysis/.venv/lib/python3.12/site-packages/sqlmesh/core/engine_adapter/shared.py", line 334, in internal_wrapper
    return func(*list_args, **kwargs)
           ^^^^^^^^^^^^^^^^^^^^^^^^^^
  File "/Users/janbenisek/github/gru-ops/projects/sqlmesh-analysis/.venv/lib/python3.12/site-packages/sqlmesh/core/engine_adapter/base.py", line 554, in ctas
    return self._create_table_from_source_queries(
           ^^^^^^^^^^^^^^^^^^^^^^^^^^^^^^^^^^^^^^^
  File "/Users/janbenisek/github/gru-ops/projects/sqlmesh-analysis/.venv/lib/python3.12/site-packages/sqlmesh/core/engine_adapter/base.py", line 774, in _create_table_from_source_queries
    self._create_table(
  File "/Users/janbenisek/github/gru-ops/projects/sqlmesh-analysis/.venv/lib/python3.12/site-packages/sqlmesh/core/engine_adapter/base.py", line 812, in _create_table
    self.execute(
  File "/Users/janbenisek/github/gru-ops/projects/sqlmesh-analysis/.venv/lib/python3.12/site-packages/sqlmesh/core/engine_adapter/base.py", line 2153, in execute
    self._execute(sql, **kwargs)
  File "/Users/janbenisek/github/gru-ops/projects/sqlmesh-analysis/.venv/lib/python3.12/site-packages/sqlmesh/core/engine_adapter/base.py", line 2174, in _execute
    self.cursor.execute(sql, **kwargs)
psycopg2.errors.UndefinedFunction: function read_csv(unknown) does not exist
LINE 1: ...ros__raw_kassenbons__1511132484" AS SELECT * FROM READ_CSV('...
                                                             ^
HINT:  No function matches the given name and argument types. You might need to add explicit type casts.


The above exception was the direct cause of the following exception:

sqlmesh.utils.concurrency.NodeExecutionFailedError: Execution failed for node SnapshotId<"prod"."migros"."raw_kassenbons": 308550841>
2025-06-01 14:22:33,446 - MainThread - sqlmesh.core.context - INFO - Plan application failed. (context.py:1592)
Traceback (most recent call last):
  File "/Users/janbenisek/github/gru-ops/projects/sqlmesh-analysis/.venv/lib/python3.12/site-packages/sqlmesh/core/plan/evaluator.py", line 308, in _push
    completion_status = self.snapshot_evaluator.create(
                        ^^^^^^^^^^^^^^^^^^^^^^^^^^^^^^^
  File "/Users/janbenisek/github/gru-ops/projects/sqlmesh-analysis/.venv/lib/python3.12/site-packages/sqlmesh/core/snapshot/evaluator.py", line 390, in create
    self._create_snapshots(
  File "/Users/janbenisek/github/gru-ops/projects/sqlmesh-analysis/.venv/lib/python3.12/site-packages/sqlmesh/core/snapshot/evaluator.py", line 425, in _create_snapshots
    raise SnapshotCreationFailedError(errors, skipped)
sqlmesh.core.snapshot.evaluator.SnapshotCreationFailedError: Physical table creation failed:

Execution failed for node SnapshotId<"prod"."migros"."raw_kassenbons": 308550841>
  function read_csv(unknown) does not exist
LINE 1: ...ros__raw_kassenbons__1511132484" AS SELECT * FROM READ_CSV('...
                                                             ^
HINT:  No function matches the given name and argument types. You might need to add explicit type casts.


During handling of the above exception, another exception occurred:

Traceback (most recent call last):
  File "/Users/janbenisek/github/gru-ops/projects/sqlmesh-analysis/.venv/lib/python3.12/site-packages/sqlmesh/core/context.py", line 1584, in apply
    self._apply(plan, circuit_breaker)
  File "/Users/janbenisek/github/gru-ops/projects/sqlmesh-analysis/.venv/lib/python3.12/site-packages/sqlmesh/core/context.py", line 2353, in _apply
    self._scheduler.create_plan_evaluator(self).evaluate(
  File "/Users/janbenisek/github/gru-ops/projects/sqlmesh-analysis/.venv/lib/python3.12/site-packages/sqlmesh/core/plan/evaluator.py", line 133, in evaluate
    push_completion_status = self._push(plan, snapshots, deployability_index_for_creation)
                             ^^^^^^^^^^^^^^^^^^^^^^^^^^^^^^^^^^^^^^^^^^^^^^^^^^^^^^^^^^^^^
  File "/Users/janbenisek/github/gru-ops/projects/sqlmesh-analysis/.venv/lib/python3.12/site-packages/sqlmesh/core/plan/evaluator.py", line 328, in _push
    raise PlanError("Plan application failed.")
sqlmesh.utils.errors.PlanError: Plan application failed.
2025-06-01 14:22:33,448 - MainThread - root - INFO - Shutting down the event dispatcher (dispatcher.py:159)
