2025-06-01 20:12:53,163 - ThreadPoolExecutor-1_0 - sqlmesh.core.snapshot.evaluator - INFO - Listing data objects in schema prod.sqlmesh__migros (evaluator.py:349)
2025-06-01 20:12:53,189 - ThreadPoolExecutor-1_0 - sqlmesh.core.engine_adapter.base - INFO - Executing SQL: SELECT current_catalog (base.py:2171)
2025-06-01 20:12:53,228 - MainThread - sqlmesh.core.snapshot.evaluator - INFO - Creating schema 'prod.sqlmesh__migros' (evaluator.py:1125)
2025-06-01 20:12:53,252 - MainThread - sqlmesh.core.engine_adapter.base - INFO - Executing SQL: CREATE SCHEMA IF NOT EXISTS "sqlmesh__migros" (base.py:2171)
2025-06-01 20:12:53,291 - ThreadPoolExecutor-2_0 - sqlmesh.core.snapshot.evaluator - INFO - Creating table 'prod.sqlmesh__migros.migros__kassenbons__4220558548' (evaluator.py:1477)
2025-06-01 20:12:53,293 - ThreadPoolExecutor-2_0 - sqlmesh.core.engine_adapter.base - INFO - Executing SQL: CREATE TABLE IF NOT EXISTS "sqlmesh__migros"."migros__kassenbons__4220558548" AS SELECT TO_DATE("purchase_date", 'DD.MM.YYYY') AS "purchase_date", "purchase_time" AS "purchase_time", "branch" AS "branch", "cash_register_number" AS "cash_register_number", "transaction_number" AS "transaction_number", "item" AS "item", "quanitity" AS "quanitity", "discount" AS "discount", "total" AS "total", ("total" / "quanitity") AS "sku_price_paid", (("total" + ABS("discount")) / "quanitity") AS "sku_price_full" FROM "prod"."migros"."raw_kassenbons" AS "raw_kassenbons" WHERE ("branch" = 'MM Adliswil' AND NOT "item" LIKE '%Bonus-Coupon%' AND NOT "item" LIKE '%CUM%' AND NOT "item" LIKE '%Cumulus%') AND FALSE LIMIT 0 (base.py:2171)
2025-06-01 20:12:53,336 - ThreadPoolExecutor-3_0 - sqlmesh.core.snapshot.evaluator - INFO - Evaluating snapshot SnapshotId<"prod"."migros"."kassenbons": 1976729147> (evaluator.py:635)
2025-06-01 20:12:53,362 - ThreadPoolExecutor-3_0 - sqlmesh.core.snapshot.evaluator - INFO - Inserting batch (2025-05-30 00:00:00, 2025-06-01 00:00:00) into prod.sqlmesh__migros.migros__kassenbons__4220558548' (evaluator.py:689)
2025-06-01 20:12:53,366 - ThreadPoolExecutor-3_0 - sqlmesh.core.engine_adapter.base - INFO - Executing SQL: SELECT "attname" AS "column_name", "pg_catalog".format_type("atttypid", "atttypmod") AS "data_type" FROM "pg_catalog"."pg_attribute" JOIN "pg_catalog"."pg_class" ON "pg_class"."oid" = "attrelid" JOIN "pg_catalog"."pg_namespace" ON "pg_namespace"."oid" = "relnamespace" WHERE ("attnum" > 0 AND NOT "attisdropped" AND "relname" = 'migros__kassenbons__4220558548') AND "nspname" = 'sqlmesh__migros' (base.py:2171)
2025-06-01 20:12:53,375 - ThreadPoolExecutor-3_0 - sqlmesh.core.engine_adapter.base - INFO - Executing SQL: SELECT 1 FROM "information_schema"."tables" WHERE "table_name" = 'migros__kassenbons__4220558548' AND "table_schema" = 'sqlmesh__migros' (base.py:2171)
2025-06-01 20:12:53,382 - ThreadPoolExecutor-3_0 - sqlmesh.core.engine_adapter.base - INFO - Executing SQL: DELETE FROM "sqlmesh__migros"."migros__kassenbons__4220558548" WHERE TRUE (base.py:2171)
2025-06-01 20:12:53,387 - ThreadPoolExecutor-3_0 - sqlmesh.core.engine_adapter.base - INFO - Executing SQL: INSERT INTO "sqlmesh__migros"."migros__kassenbons__4220558548" ("purchase_date", "purchase_time", "branch", "cash_register_number", "transaction_number", "item", "quanitity", "discount", "total", "sku_price_paid", "sku_price_full") SELECT TO_DATE("purchase_date", 'DD.MM.YYYY') AS "purchase_date", "purchase_time" AS "purchase_time", "branch" AS "branch", "cash_register_number" AS "cash_register_number", "transaction_number" AS "transaction_number", "item" AS "item", "quanitity" AS "quanitity", "discount" AS "discount", "total" AS "total", ("total" / "quanitity") AS "sku_price_paid", (("total" + ABS("discount")) / "quanitity") AS "sku_price_full" FROM "prod"."migros"."raw_kassenbons" AS "raw_kassenbons" WHERE "branch" = 'MM Adliswil' AND NOT "item" LIKE '%Bonus-Coupon%' AND NOT "item" LIKE '%CUM%' AND NOT "item" LIKE '%Cumulus%' (base.py:2171)
2025-06-01 20:12:53,529 - ThreadPoolExecutor-3_0 - sqlmesh.core.state_sync.db.facade - INFO - Adding interval (2025-05-30 00:00:00, 2025-06-01 00:00:00) for snapshot SnapshotId<"prod"."migros"."kassenbons": 1976729147> (facade.py:632)
2025-06-01 20:12:53,530 - ThreadPoolExecutor-3_0 - sqlmesh.core.state_sync.db.interval - INFO - Pushing intervals for snapshot SnapshotId<"prod"."migros"."kassenbons": 1976729147> (interval.py:210)
2025-06-01 20:12:53,554 - MainThread - sqlmesh.core.state_sync.db.facade - INFO - Promoting environment 'prod' (facade.py:174)
2025-06-01 20:12:53,583 - MainThread - sqlmesh.core.state_sync.db.snapshot - INFO - Unpausing snapshot SnapshotId<"prod"."migros"."kassenbons": 1976729147> (snapshot.py:143)
2025-06-01 20:12:53,593 - MainThread - sqlmesh.core.snapshot.evaluator - INFO - Creating schema 'prod.migros' (evaluator.py:1125)
2025-06-01 20:12:53,594 - MainThread - sqlmesh.core.engine_adapter.base - INFO - Executing SQL: CREATE SCHEMA IF NOT EXISTS "migros" (base.py:2171)
2025-06-01 20:12:53,600 - ThreadPoolExecutor-5_0 - sqlmesh.core.snapshot.evaluator - INFO - Updating view 'prod.migros.kassenbons' to point at table 'prod.sqlmesh__migros.migros__kassenbons__4220558548' (evaluator.py:1432)
2025-06-01 20:12:53,623 - ThreadPoolExecutor-5_0 - sqlmesh.core.engine_adapter.base - INFO - Executing SQL: DROP VIEW IF EXISTS "migros"."kassenbons" CASCADE (base.py:2171)
2025-06-01 20:12:53,636 - ThreadPoolExecutor-5_0 - sqlmesh.core.engine_adapter.base - INFO - Executing SQL: CREATE VIEW "migros"."kassenbons" AS SELECT * FROM "prod"."sqlmesh__migros"."migros__kassenbons__4220558548" (base.py:2171)
2025-06-01 20:12:53,649 - MainThread - sqlmesh.core.state_sync.db.environment - INFO - Finalizing environment 'prod' (environment.py:137)
2025-06-01 20:12:53,660 - MainThread - root - INFO - Shutting down the event dispatcher (dispatcher.py:159)
