2025-06-01 20:15:14,201 - ThreadPoolExecutor-1_0 - sqlmesh.core.snapshot.evaluator - INFO - Listing data objects in schema prod.sqlmesh__migros (evaluator.py:349)
2025-06-01 20:15:14,227 - ThreadPoolExecutor-1_0 - sqlmesh.core.engine_adapter.base - INFO - Executing SQL: SELECT current_catalog (base.py:2171)
2025-06-01 20:15:14,275 - MainThread - sqlmesh.core.snapshot.evaluator - INFO - Creating schema 'prod.sqlmesh__migros' (evaluator.py:1125)
2025-06-01 20:15:14,299 - MainThread - sqlmesh.core.engine_adapter.base - INFO - Executing SQL: CREATE SCHEMA IF NOT EXISTS "sqlmesh__migros" (base.py:2171)
2025-06-01 20:15:14,342 - ThreadPoolExecutor-2_0 - sqlmesh.core.snapshot.evaluator - INFO - Creating table 'prod.sqlmesh__migros.migros__kassenbons__299650946' (evaluator.py:1477)
2025-06-01 20:15:14,344 - ThreadPoolExecutor-2_0 - sqlmesh.core.engine_adapter.base - INFO - Executing SQL: CREATE TABLE IF NOT EXISTS "sqlmesh__migros"."migros__kassenbons__299650946" AS SELECT TO_DATE("purchase_date", 'DD.MM.YYYY') AS "purchase_date", "purchase_time" AS "purchase_time", "branch" AS "branch", "cash_register_number" AS "cash_register_number", "transaction_number" AS "transaction_number", "item" AS "item", "quantity" AS "quantity", "discount" AS "discount", "total" AS "total", ("total" / "quantity") AS "sku_price_paid", (("total" + ABS("discount")) / "quantity") AS "sku_price_full" FROM "prod"."migros"."raw_kassenbons" AS "raw_kassenbons" WHERE ("branch" = 'MM Adliswil' AND NOT "item" LIKE '%Bonus-Coupon%' AND NOT "item" LIKE '%CUM%' AND NOT "item" LIKE '%Cumulus%') AND FALSE LIMIT 0 (base.py:2171)
2025-06-01 20:15:14,382 - ThreadPoolExecutor-3_0 - sqlmesh.core.snapshot.evaluator - INFO - Evaluating snapshot SnapshotId<"prod"."migros"."kassenbons": 208821046> (evaluator.py:635)
2025-06-01 20:15:14,409 - ThreadPoolExecutor-3_0 - sqlmesh.core.snapshot.evaluator - INFO - Inserting batch (2025-05-30 00:00:00, 2025-06-01 00:00:00) into prod.sqlmesh__migros.migros__kassenbons__299650946' (evaluator.py:689)
2025-06-01 20:15:14,420 - ThreadPoolExecutor-3_0 - sqlmesh.core.engine_adapter.base - INFO - Executing SQL: SELECT "attname" AS "column_name", "pg_catalog".format_type("atttypid", "atttypmod") AS "data_type" FROM "pg_catalog"."pg_attribute" JOIN "pg_catalog"."pg_class" ON "pg_class"."oid" = "attrelid" JOIN "pg_catalog"."pg_namespace" ON "pg_namespace"."oid" = "relnamespace" WHERE ("attnum" > 0 AND NOT "attisdropped" AND "relname" = 'migros__kassenbons__299650946') AND "nspname" = 'sqlmesh__migros' (base.py:2171)
2025-06-01 20:15:14,430 - ThreadPoolExecutor-3_0 - sqlmesh.core.engine_adapter.base - INFO - Executing SQL: SELECT 1 FROM "information_schema"."tables" WHERE "table_name" = 'migros__kassenbons__299650946' AND "table_schema" = 'sqlmesh__migros' (base.py:2171)
2025-06-01 20:15:14,436 - ThreadPoolExecutor-3_0 - sqlmesh.core.engine_adapter.base - INFO - Executing SQL: DELETE FROM "sqlmesh__migros"."migros__kassenbons__299650946" WHERE TRUE (base.py:2171)
2025-06-01 20:15:14,442 - ThreadPoolExecutor-3_0 - sqlmesh.core.engine_adapter.base - INFO - Executing SQL: INSERT INTO "sqlmesh__migros"."migros__kassenbons__299650946" ("purchase_date", "purchase_time", "branch", "cash_register_number", "transaction_number", "item", "quantity", "discount", "total", "sku_price_paid", "sku_price_full") SELECT TO_DATE("purchase_date", 'DD.MM.YYYY') AS "purchase_date", "purchase_time" AS "purchase_time", "branch" AS "branch", "cash_register_number" AS "cash_register_number", "transaction_number" AS "transaction_number", "item" AS "item", "quantity" AS "quantity", "discount" AS "discount", "total" AS "total", ("total" / "quantity") AS "sku_price_paid", (("total" + ABS("discount")) / "quantity") AS "sku_price_full" FROM "prod"."migros"."raw_kassenbons" AS "raw_kassenbons" WHERE "branch" = 'MM Adliswil' AND NOT "item" LIKE '%Bonus-Coupon%' AND NOT "item" LIKE '%CUM%' AND NOT "item" LIKE '%Cumulus%' (base.py:2171)
2025-06-01 20:15:14,584 - ThreadPoolExecutor-3_0 - sqlmesh.core.state_sync.db.facade - INFO - Adding interval (2025-05-30 00:00:00, 2025-06-01 00:00:00) for snapshot SnapshotId<"prod"."migros"."kassenbons": 208821046> (facade.py:632)
2025-06-01 20:15:14,584 - ThreadPoolExecutor-3_0 - sqlmesh.core.state_sync.db.interval - INFO - Pushing intervals for snapshot SnapshotId<"prod"."migros"."kassenbons": 208821046> (interval.py:210)
2025-06-01 20:15:14,614 - MainThread - sqlmesh.core.state_sync.db.facade - INFO - Promoting environment 'prod' (facade.py:174)
2025-06-01 20:15:14,645 - MainThread - sqlmesh.core.state_sync.db.snapshot - INFO - Unpausing snapshot SnapshotId<"prod"."migros"."kassenbons": 208821046> (snapshot.py:143)
2025-06-01 20:15:14,654 - MainThread - sqlmesh.core.snapshot.evaluator - INFO - Creating schema 'prod.migros' (evaluator.py:1125)
2025-06-01 20:15:14,654 - MainThread - sqlmesh.core.engine_adapter.base - INFO - Executing SQL: CREATE SCHEMA IF NOT EXISTS "migros" (base.py:2171)
2025-06-01 20:15:14,661 - ThreadPoolExecutor-5_0 - sqlmesh.core.snapshot.evaluator - INFO - Updating view 'prod.migros.kassenbons' to point at table 'prod.sqlmesh__migros.migros__kassenbons__299650946' (evaluator.py:1432)
2025-06-01 20:15:14,689 - ThreadPoolExecutor-5_0 - sqlmesh.core.engine_adapter.base - INFO - Executing SQL: DROP VIEW IF EXISTS "migros"."kassenbons" CASCADE (base.py:2171)
2025-06-01 20:15:14,695 - ThreadPoolExecutor-5_0 - sqlmesh.core.engine_adapter.base - INFO - Executing SQL: CREATE VIEW "migros"."kassenbons" AS SELECT * FROM "prod"."sqlmesh__migros"."migros__kassenbons__299650946" (base.py:2171)
2025-06-01 20:15:14,707 - MainThread - sqlmesh.core.state_sync.db.environment - INFO - Finalizing environment 'prod' (environment.py:137)
2025-06-01 20:15:14,718 - MainThread - root - INFO - Shutting down the event dispatcher (dispatcher.py:159)
