2025-05-31 21:43:06,260 - MainThread - sqlmesh.core.config.connection - INFO - Creating new DuckDB adapter for data files: {'db.db'} (connection.py:423)
2025-05-31 21:43:06,883 - MainThread - sqlmesh.core.config.connection - INFO - Creating new DuckDB adapter for in-memory database (connection.py:425)
2025-05-31 21:43:06,884 - ThreadPoolExecutor-0_0 - sqlmesh.core.console - WARNING - Model '"db"."sqlmesh_example"."full_model"' was not found at /Users/janbenisek/github/gru-ops/projects/sqlmesh-analysis/tests/test_full_model.yaml (console.py:2026)
2025-05-31 21:43:06,888 - MainThread - sqlmesh.core.config.connection - INFO - Using existing DuckDB adapter due to overlapping data file: db.db (connection.py:413)
2025-05-31 21:43:08,960 - MainThread - sqlmesh.core.snapshot.evaluator - INFO - Listing data objects in schema db.sqlmesh__migros (evaluator.py:349)
2025-05-31 21:43:08,961 - MainThread - sqlmesh.core.engine_adapter.base - INFO - Executing SQL: SELECT CURRENT_CATALOG() (base.py:2171)
2025-05-31 21:43:08,961 - MainThread - sqlmesh.core.engine_adapter.base - INFO - Executing SQL: SELECT CURRENT_CATALOG() (base.py:2171)
2025-05-31 21:43:08,963 - MainThread - sqlmesh.core.engine_adapter.base - INFO - Executing SQL: SELECT table_name AS name, table_schema AS schema, CASE table_type WHEN 'BASE TABLE' THEN 'table' WHEN 'VIEW' THEN 'view' WHEN 'LOCAL TEMPORARY' THEN 'table' END AS type FROM system.information_schema.tables WHERE (table_catalog = 'db' AND table_schema = 'sqlmesh__migros') AND table_name IN ('migros__raw_kassenbons__1078918609') (base.py:2171)
2025-05-31 21:43:08,978 - MainThread - sqlmesh.core.snapshot.evaluator - INFO - Creating schema 'db.sqlmesh__migros' (evaluator.py:1125)
2025-05-31 21:43:08,979 - MainThread - sqlmesh.core.engine_adapter.base - INFO - Executing SQL: CREATE SCHEMA IF NOT EXISTS "db"."sqlmesh__migros" (base.py:2171)
2025-05-31 21:43:08,983 - MainThread - sqlmesh.core.snapshot.evaluator - INFO - Creating table 'db.sqlmesh__migros.migros__raw_kassenbons__1078918609' (evaluator.py:1477)
2025-05-31 21:43:08,983 - MainThread - sqlmesh.core.engine_adapter.base - INFO - Executing SQL: CREATE TABLE IF NOT EXISTS "db"."sqlmesh__migros"."migros__raw_kassenbons__1078918609" AS SELECT * FROM "/users/janbenisek/downloads/20230101_20231231.csv" AS "/users/janbenisek/downloads/20230101_20231231.csv" WHERE FALSE UNION ALL SELECT * FROM "/users/janbenisek/downloads/20240101_20241231.csv" AS "/users/janbenisek/downloads/20240101_20241231.csv" WHERE FALSE UNION ALL SELECT * FROM "/users/janbenisek/downloads/20250101_20251231.csv" AS "/users/janbenisek/downloads/20250101_20251231.csv" WHERE FALSE LIMIT 0 (base.py:2171)
2025-05-31 21:43:09,081 - MainThread - sqlmesh.core.snapshot.evaluator - INFO - Evaluating snapshot SnapshotId<"db"."migros"."raw_kassenbons": 1929081514> (evaluator.py:635)
2025-05-31 21:43:09,084 - MainThread - sqlmesh.core.snapshot.evaluator - INFO - Inserting batch (2025-05-30 00:00:00, 2025-05-31 00:00:00) into db.sqlmesh__migros.migros__raw_kassenbons__1078918609' (evaluator.py:689)
2025-05-31 21:43:09,085 - MainThread - sqlmesh.core.engine_adapter.base - INFO - Executing SQL: DESCRIBE "db"."sqlmesh__migros"."migros__raw_kassenbons__1078918609" (base.py:2171)
2025-05-31 21:43:09,089 - MainThread - sqlmesh.core.engine_adapter.base - INFO - Executing SQL: CREATE OR REPLACE TABLE "db"."sqlmesh__migros"."migros__raw_kassenbons__1078918609" AS SELECT CAST("Datum" AS DATE) AS "Datum", CAST("Zeit" AS TIME) AS "Zeit", CAST("Filiale" AS TEXT) AS "Filiale", CAST("Kassennummer" AS TEXT) AS "Kassennummer", CAST("Transaktionsnummer" AS BIGINT) AS "Transaktionsnummer", CAST("Artikel" AS TEXT) AS "Artikel", CAST("Menge" AS DOUBLE) AS "Menge", CAST("Aktion" AS DOUBLE) AS "Aktion", CAST("Umsatz" AS DOUBLE) AS "Umsatz" FROM (SELECT * FROM "/users/janbenisek/downloads/20230101_20231231.csv" AS "/users/janbenisek/downloads/20230101_20231231.csv" UNION ALL SELECT * FROM "/users/janbenisek/downloads/20240101_20241231.csv" AS "/users/janbenisek/downloads/20240101_20241231.csv" UNION ALL SELECT * FROM "/users/janbenisek/downloads/20250101_20251231.csv" AS "/users/janbenisek/downloads/20250101_20251231.csv") AS "_subquery" (base.py:2171)
2025-05-31 21:43:09,291 - MainThread - sqlmesh.core.state_sync.db.facade - INFO - Adding interval (2025-05-30 00:00:00, 2025-05-31 00:00:00) for snapshot SnapshotId<"db"."migros"."raw_kassenbons": 1929081514> (facade.py:632)
2025-05-31 21:43:09,291 - MainThread - sqlmesh.core.state_sync.db.interval - INFO - Pushing intervals for snapshot SnapshotId<"db"."migros"."raw_kassenbons": 1929081514> (interval.py:210)
2025-05-31 21:43:09,307 - MainThread - sqlmesh.core.state_sync.db.facade - INFO - Promoting environment 'prod' (facade.py:174)
2025-05-31 21:43:09,322 - MainThread - sqlmesh.core.state_sync.db.snapshot - INFO - Unpausing snapshot SnapshotId<"db"."migros"."raw_kassenbons": 1929081514> (snapshot.py:143)
2025-05-31 21:43:09,331 - MainThread - sqlmesh.core.snapshot.evaluator - INFO - Creating schema 'db.migros' (evaluator.py:1125)
2025-05-31 21:43:09,331 - MainThread - sqlmesh.core.engine_adapter.base - INFO - Executing SQL: CREATE SCHEMA IF NOT EXISTS "db"."migros" (base.py:2171)
2025-05-31 21:43:09,332 - MainThread - sqlmesh.core.snapshot.evaluator - INFO - Updating view 'db.migros.raw_kassenbons' to point at table 'db.sqlmesh__migros.migros__raw_kassenbons__1078918609' (evaluator.py:1432)
2025-05-31 21:43:09,333 - MainThread - sqlmesh.core.engine_adapter.base - INFO - Executing SQL: CREATE OR REPLACE VIEW "db"."migros"."raw_kassenbons" AS SELECT * FROM "db"."sqlmesh__migros"."migros__raw_kassenbons__1078918609" (base.py:2171)
2025-05-31 21:43:09,335 - MainThread - sqlmesh.core.state_sync.db.environment - INFO - Finalizing environment 'prod' (environment.py:137)
2025-05-31 21:43:09,370 - MainThread - root - INFO - Shutting down the event dispatcher (dispatcher.py:159)
