2025-06-01 20:14:16,134 - ThreadPoolExecutor-1_0 - sqlmesh.core.snapshot.evaluator - INFO - Listing data objects in schema prod.sqlmesh__migros (evaluator.py:349)
2025-06-01 20:14:16,159 - ThreadPoolExecutor-1_0 - sqlmesh.core.engine_adapter.base - INFO - Executing SQL: SELECT current_catalog (base.py:2171)
2025-06-01 20:14:16,192 - MainThread - sqlmesh.core.snapshot.evaluator - INFO - Creating schema 'prod.sqlmesh__migros' (evaluator.py:1125)
2025-06-01 20:14:16,212 - MainThread - sqlmesh.core.engine_adapter.base - INFO - Executing SQL: CREATE SCHEMA IF NOT EXISTS "sqlmesh__migros" (base.py:2171)
2025-06-01 20:14:16,245 - ThreadPoolExecutor-2_0 - sqlmesh.core.snapshot.evaluator - INFO - Creating table 'prod.sqlmesh__migros.migros__kassenbons__299650946' (evaluator.py:1477)
2025-06-01 20:14:16,248 - ThreadPoolExecutor-2_0 - sqlmesh.core.engine_adapter.base - INFO - Executing SQL: CREATE TABLE IF NOT EXISTS "sqlmesh__migros"."migros__kassenbons__299650946" AS SELECT TO_DATE("purchase_date", 'DD.MM.YYYY') AS "purchase_date", "purchase_time" AS "purchase_time", "branch" AS "branch", "cash_register_number" AS "cash_register_number", "transaction_number" AS "transaction_number", "item" AS "item", "quantity" AS "quantity", "discount" AS "discount", "total" AS "total", ("total" / "quantity") AS "sku_price_paid", (("total" + ABS("discount")) / "quantity") AS "sku_price_full" FROM "prod"."migros"."raw_kassenbons" AS "raw_kassenbons" WHERE ("branch" = 'MM Adliswil' AND NOT "item" LIKE '%Bonus-Coupon%' AND NOT "item" LIKE '%CUM%' AND NOT "item" LIKE '%Cumulus%') AND FALSE LIMIT 0 (base.py:2171)
2025-06-01 20:14:16,256 - MainThread - sqlmesh.core.plan.evaluator - INFO - Execution failed for node SnapshotId<"prod"."migros"."kassenbons": 208821046> (evaluator.py:323)
Traceback (most recent call last):
  File "/Users/janbenisek/github/gru-ops/projects/sqlmesh-analysis/.venv/lib/python3.12/site-packages/sqlmesh/utils/concurrency.py", line 69, in _process_node
    self.fn(node)
  File "/Users/janbenisek/github/gru-ops/projects/sqlmesh-analysis/.venv/lib/python3.12/site-packages/sqlmesh/utils/concurrency.py", line 172, in <lambda>
    lambda s_id: fn(snapshots_by_id[s_id]),
                 ^^^^^^^^^^^^^^^^^^^^^^^^^
  File "/Users/janbenisek/github/gru-ops/projects/sqlmesh-analysis/.venv/lib/python3.12/site-packages/sqlmesh/core/snapshot/evaluator.py", line 413, in <lambda>
    lambda s: self._create_snapshot(
              ^^^^^^^^^^^^^^^^^^^^^^
  File "/Users/janbenisek/github/gru-ops/projects/sqlmesh-analysis/.venv/lib/python3.12/site-packages/sqlmesh/core/snapshot/evaluator.py", line 881, in _create_snapshot
    self._execute_create(
  File "/Users/janbenisek/github/gru-ops/projects/sqlmesh-analysis/.venv/lib/python3.12/site-packages/sqlmesh/core/snapshot/evaluator.py", line 1159, in _execute_create
    evaluation_strategy.create(
  File "/Users/janbenisek/github/gru-ops/projects/sqlmesh-analysis/.venv/lib/python3.12/site-packages/sqlmesh/core/snapshot/evaluator.py", line 1502, in create
    self.adapter.ctas(
  File "/Users/janbenisek/github/gru-ops/projects/sqlmesh-analysis/.venv/lib/python3.12/site-packages/sqlmesh/core/engine_adapter/shared.py", line 334, in internal_wrapper
    return func(*list_args, **kwargs)
           ^^^^^^^^^^^^^^^^^^^^^^^^^^
  File "/Users/janbenisek/github/gru-ops/projects/sqlmesh-analysis/.venv/lib/python3.12/site-packages/sqlmesh/core/engine_adapter/base.py", line 554, in ctas
    return self._create_table_from_source_queries(
           ^^^^^^^^^^^^^^^^^^^^^^^^^^^^^^^^^^^^^^^
  File "/Users/janbenisek/github/gru-ops/projects/sqlmesh-analysis/.venv/lib/python3.12/site-packages/sqlmesh/core/engine_adapter/base.py", line 774, in _create_table_from_source_queries
    self._create_table(
  File "/Users/janbenisek/github/gru-ops/projects/sqlmesh-analysis/.venv/lib/python3.12/site-packages/sqlmesh/core/engine_adapter/base.py", line 812, in _create_table
    self.execute(
  File "/Users/janbenisek/github/gru-ops/projects/sqlmesh-analysis/.venv/lib/python3.12/site-packages/sqlmesh/core/engine_adapter/base.py", line 2153, in execute
    self._execute(sql, **kwargs)
  File "/Users/janbenisek/github/gru-ops/projects/sqlmesh-analysis/.venv/lib/python3.12/site-packages/sqlmesh/core/engine_adapter/base.py", line 2174, in _execute
    self.cursor.execute(sql, **kwargs)
psycopg2.errors.UndefinedColumn: column "quantity" does not exist
LINE 1: ...umber" AS "transaction_number", "item" AS "item", "quantity"...
                                                             ^
HINT:  Perhaps you meant to reference the column "raw_kassenbons.quanitity".


The above exception was the direct cause of the following exception:

sqlmesh.utils.concurrency.NodeExecutionFailedError: Execution failed for node SnapshotId<"prod"."migros"."kassenbons": 208821046>
2025-06-01 20:14:16,266 - MainThread - sqlmesh.core.context - INFO - Plan application failed. (context.py:1592)
Traceback (most recent call last):
  File "/Users/janbenisek/github/gru-ops/projects/sqlmesh-analysis/.venv/lib/python3.12/site-packages/sqlmesh/core/plan/evaluator.py", line 308, in _push
    completion_status = self.snapshot_evaluator.create(
                        ^^^^^^^^^^^^^^^^^^^^^^^^^^^^^^^
  File "/Users/janbenisek/github/gru-ops/projects/sqlmesh-analysis/.venv/lib/python3.12/site-packages/sqlmesh/core/snapshot/evaluator.py", line 390, in create
    self._create_snapshots(
  File "/Users/janbenisek/github/gru-ops/projects/sqlmesh-analysis/.venv/lib/python3.12/site-packages/sqlmesh/core/snapshot/evaluator.py", line 425, in _create_snapshots
    raise SnapshotCreationFailedError(errors, skipped)
sqlmesh.core.snapshot.evaluator.SnapshotCreationFailedError: Physical table creation failed:

Execution failed for node SnapshotId<"prod"."migros"."kassenbons": 208821046>
  column "quantity" does not exist
LINE 1: ...umber" AS "transaction_number", "item" AS "item", "quantity"...
                                                             ^
HINT:  Perhaps you meant to reference the column "raw_kassenbons.quanitity".


During handling of the above exception, another exception occurred:

Traceback (most recent call last):
  File "/Users/janbenisek/github/gru-ops/projects/sqlmesh-analysis/.venv/lib/python3.12/site-packages/sqlmesh/core/context.py", line 1584, in apply
    self._apply(plan, circuit_breaker)
  File "/Users/janbenisek/github/gru-ops/projects/sqlmesh-analysis/.venv/lib/python3.12/site-packages/sqlmesh/core/context.py", line 2353, in _apply
    self._scheduler.create_plan_evaluator(self).evaluate(
  File "/Users/janbenisek/github/gru-ops/projects/sqlmesh-analysis/.venv/lib/python3.12/site-packages/sqlmesh/core/plan/evaluator.py", line 133, in evaluate
    push_completion_status = self._push(plan, snapshots, deployability_index_for_creation)
                             ^^^^^^^^^^^^^^^^^^^^^^^^^^^^^^^^^^^^^^^^^^^^^^^^^^^^^^^^^^^^^
  File "/Users/janbenisek/github/gru-ops/projects/sqlmesh-analysis/.venv/lib/python3.12/site-packages/sqlmesh/core/plan/evaluator.py", line 328, in _push
    raise PlanError("Plan application failed.")
sqlmesh.utils.errors.PlanError: Plan application failed.
2025-06-01 20:14:16,268 - MainThread - root - INFO - Shutting down the event dispatcher (dispatcher.py:159)
