2025-05-31 22:11:13,276 - MainThread - sqlmesh.core.config.connection - INFO - Creating new DuckDB adapter for data files: {'db.db'} (connection.py:423)
2025-05-31 22:11:13,937 - MainThread - sqlmesh.core.config.connection - INFO - Creating new DuckDB adapter for in-memory database (connection.py:425)
2025-05-31 22:11:13,938 - ThreadPoolExecutor-0_0 - sqlmesh.core.console - WARNING - Model '"db"."sqlmesh_example"."full_model"' was not found at /Users/janbenisek/github/gru-ops/projects/sqlmesh-analysis/tests/test_full_model.yaml (console.py:2026)
2025-05-31 22:11:13,942 - MainThread - sqlmesh.core.config.connection - INFO - Using existing DuckDB adapter due to overlapping data file: db.db (connection.py:413)
2025-05-31 22:11:15,693 - MainThread - sqlmesh.core.snapshot.evaluator - INFO - Listing data objects in schema db.sqlmesh__migros (evaluator.py:349)
2025-05-31 22:11:15,694 - MainThread - sqlmesh.core.engine_adapter.base - INFO - Executing SQL: SELECT CURRENT_CATALOG() (base.py:2171)
2025-05-31 22:11:15,695 - MainThread - sqlmesh.core.engine_adapter.base - INFO - Executing SQL: SELECT CURRENT_CATALOG() (base.py:2171)
2025-05-31 22:11:15,696 - MainThread - sqlmesh.core.engine_adapter.base - INFO - Executing SQL: SELECT table_name AS name, table_schema AS schema, CASE table_type WHEN 'BASE TABLE' THEN 'table' WHEN 'VIEW' THEN 'view' WHEN 'LOCAL TEMPORARY' THEN 'table' END AS type FROM system.information_schema.tables WHERE (table_catalog = 'db' AND table_schema = 'sqlmesh__migros') AND table_name IN ('migros__slv_kassenbons__4284338180', 'migros__raw_kassenbons__1511132484') (base.py:2171)
2025-05-31 22:11:15,710 - MainThread - sqlmesh.core.snapshot.evaluator - INFO - Creating schema 'db.sqlmesh__migros' (evaluator.py:1125)
2025-05-31 22:11:15,711 - MainThread - sqlmesh.core.engine_adapter.base - INFO - Executing SQL: CREATE SCHEMA IF NOT EXISTS "db"."sqlmesh__migros" (base.py:2171)
2025-05-31 22:11:15,717 - MainThread - sqlmesh.core.snapshot.evaluator - INFO - Creating table 'db.sqlmesh__migros.migros__slv_kassenbons__4284338180' (evaluator.py:1477)
2025-05-31 22:11:15,719 - MainThread - sqlmesh.core.engine_adapter.base - INFO - Executing SQL: CREATE TABLE IF NOT EXISTS "db"."sqlmesh__migros"."migros__slv_kassenbons__4284338180" AS SELECT "datum" AS "datum", "zeit" AS "zeit", "filiale" AS "filiale", "kassennummer" AS "kassennummer", "transaktionsnummer" AS "transaktionsnummer", "artikel" AS "artikel", "menge" AS "menge", "aktion" AS "aktion", UMSATZ("umsatz" + ABS("aktion" / "menge")) AS "sku_price" FROM "db"."sqlmesh__migros"."migros__raw_kassenbons__1511132484" AS "raw_kassenbons" WHERE ("filiale" = 'MM Adliswil' AND NOT "artikel" LIKE '%Bonus-Coupon%' AND NOT "artikel" LIKE '%CUM%' AND NOT "artikel" LIKE '%Cumulus%') AND FALSE LIMIT 0 (base.py:2171)
2025-05-31 22:11:15,725 - MainThread - sqlmesh.core.plan.evaluator - INFO - Execution failed for node SnapshotId<"db"."migros"."slv_kassenbons": 1379391096> (evaluator.py:323)
Traceback (most recent call last):
  File "/Users/janbenisek/github/gru-ops/projects/sqlmesh-analysis/.venv/lib/python3.12/site-packages/sqlmesh/utils/concurrency.py", line 234, in sequential_apply_to_dag
    fn(node)
  File "/Users/janbenisek/github/gru-ops/projects/sqlmesh-analysis/.venv/lib/python3.12/site-packages/sqlmesh/utils/concurrency.py", line 172, in <lambda>
    lambda s_id: fn(snapshots_by_id[s_id]),
                 ^^^^^^^^^^^^^^^^^^^^^^^^^
  File "/Users/janbenisek/github/gru-ops/projects/sqlmesh-analysis/.venv/lib/python3.12/site-packages/sqlmesh/core/snapshot/evaluator.py", line 413, in <lambda>
    lambda s: self._create_snapshot(
              ^^^^^^^^^^^^^^^^^^^^^^
  File "/Users/janbenisek/github/gru-ops/projects/sqlmesh-analysis/.venv/lib/python3.12/site-packages/sqlmesh/core/snapshot/evaluator.py", line 881, in _create_snapshot
    self._execute_create(
  File "/Users/janbenisek/github/gru-ops/projects/sqlmesh-analysis/.venv/lib/python3.12/site-packages/sqlmesh/core/snapshot/evaluator.py", line 1159, in _execute_create
    evaluation_strategy.create(
  File "/Users/janbenisek/github/gru-ops/projects/sqlmesh-analysis/.venv/lib/python3.12/site-packages/sqlmesh/core/snapshot/evaluator.py", line 1502, in create
    self.adapter.ctas(
  File "/Users/janbenisek/github/gru-ops/projects/sqlmesh-analysis/.venv/lib/python3.12/site-packages/sqlmesh/core/engine_adapter/shared.py", line 302, in internal_wrapper
    return func(*list_args, **kwargs)
           ^^^^^^^^^^^^^^^^^^^^^^^^^^
  File "/Users/janbenisek/github/gru-ops/projects/sqlmesh-analysis/.venv/lib/python3.12/site-packages/sqlmesh/core/engine_adapter/base.py", line 554, in ctas
    return self._create_table_from_source_queries(
           ^^^^^^^^^^^^^^^^^^^^^^^^^^^^^^^^^^^^^^^
  File "/Users/janbenisek/github/gru-ops/projects/sqlmesh-analysis/.venv/lib/python3.12/site-packages/sqlmesh/core/engine_adapter/base.py", line 774, in _create_table_from_source_queries
    self._create_table(
  File "/Users/janbenisek/github/gru-ops/projects/sqlmesh-analysis/.venv/lib/python3.12/site-packages/sqlmesh/core/engine_adapter/base.py", line 812, in _create_table
    self.execute(
  File "/Users/janbenisek/github/gru-ops/projects/sqlmesh-analysis/.venv/lib/python3.12/site-packages/sqlmesh/core/engine_adapter/base.py", line 2153, in execute
    self._execute(sql, **kwargs)
  File "/Users/janbenisek/github/gru-ops/projects/sqlmesh-analysis/.venv/lib/python3.12/site-packages/sqlmesh/core/engine_adapter/base.py", line 2174, in _execute
    self.cursor.execute(sql, **kwargs)
duckdb.duckdb.CatalogException: Catalog Error: Scalar Function with name umsatz does not exist!
Did you mean "sum"?

LINE 1: ..." AS "artikel", "menge" AS "menge", "aktion" AS "aktion", UMSATZ("umsatz" + ABS("aktion" / "menge")) AS "sku_price...
                                                                     ^

The above exception was the direct cause of the following exception:

sqlmesh.utils.concurrency.NodeExecutionFailedError: Execution failed for node SnapshotId<"db"."migros"."slv_kassenbons": 1379391096>
2025-05-31 22:11:15,730 - MainThread - sqlmesh.core.context - INFO - Plan application failed. (context.py:1592)
Traceback (most recent call last):
  File "/Users/janbenisek/github/gru-ops/projects/sqlmesh-analysis/.venv/lib/python3.12/site-packages/sqlmesh/core/plan/evaluator.py", line 308, in _push
    completion_status = self.snapshot_evaluator.create(
                        ^^^^^^^^^^^^^^^^^^^^^^^^^^^^^^^
  File "/Users/janbenisek/github/gru-ops/projects/sqlmesh-analysis/.venv/lib/python3.12/site-packages/sqlmesh/core/snapshot/evaluator.py", line 390, in create
    self._create_snapshots(
  File "/Users/janbenisek/github/gru-ops/projects/sqlmesh-analysis/.venv/lib/python3.12/site-packages/sqlmesh/core/snapshot/evaluator.py", line 425, in _create_snapshots
    raise SnapshotCreationFailedError(errors, skipped)
sqlmesh.core.snapshot.evaluator.SnapshotCreationFailedError: Physical table creation failed:

Execution failed for node SnapshotId<"db"."migros"."slv_kassenbons": 1379391096>
  Catalog Error: Scalar Function with name umsatz does not exist!
Did you mean "sum"?

LINE 1: ..." AS "artikel", "menge" AS "menge", "aktion" AS "aktion", UMSATZ("umsatz" + ABS("aktion" / "menge")) AS "sku_price...
                                                                     ^

During handling of the above exception, another exception occurred:

Traceback (most recent call last):
  File "/Users/janbenisek/github/gru-ops/projects/sqlmesh-analysis/.venv/lib/python3.12/site-packages/sqlmesh/core/context.py", line 1584, in apply
    self._apply(plan, circuit_breaker)
  File "/Users/janbenisek/github/gru-ops/projects/sqlmesh-analysis/.venv/lib/python3.12/site-packages/sqlmesh/core/context.py", line 2353, in _apply
    self._scheduler.create_plan_evaluator(self).evaluate(
  File "/Users/janbenisek/github/gru-ops/projects/sqlmesh-analysis/.venv/lib/python3.12/site-packages/sqlmesh/core/plan/evaluator.py", line 133, in evaluate
    push_completion_status = self._push(plan, snapshots, deployability_index_for_creation)
                             ^^^^^^^^^^^^^^^^^^^^^^^^^^^^^^^^^^^^^^^^^^^^^^^^^^^^^^^^^^^^^
  File "/Users/janbenisek/github/gru-ops/projects/sqlmesh-analysis/.venv/lib/python3.12/site-packages/sqlmesh/core/plan/evaluator.py", line 328, in _push
    raise PlanError("Plan application failed.")
sqlmesh.utils.errors.PlanError: Plan application failed.
2025-05-31 22:11:15,744 - MainThread - root - INFO - Shutting down the event dispatcher (dispatcher.py:159)
